<?xml version="1.0" encoding="UTF-8"?>
<!-- Generated by org.testng.reporters.JUnitReportReporter -->
<testsuite skipped="0" hostname="ICPL11500" name="pom.TestApp" tests="2" failures="0" timestamp="30 Jan 2018 07:25:44 GMT" time="12.032" errors="0">
  <testcase name="testApp" time="5.458" classname="pom.TestApp"/>
  <testcase name="testApp" time="6.574" classname="pom.TestApp"/>
</testsuite> <!-- pom.TestApp -->
